2022-06-13 02:16:07,712 INFO o.a.j.u.JMeterUtils: Setting Locale to en_EN
2022-06-13 02:16:07,723 INFO o.a.j.JMeter: Loading user properties from: user.properties
2022-06-13 02:16:07,723 INFO o.a.j.JMeter: Loading system properties from: system.properties
2022-06-13 02:16:07,728 INFO o.a.j.JMeter: Copyright (c) 1998-2022 The Apache Software Foundation
2022-06-13 02:16:07,728 INFO o.a.j.JMeter: Version 5.5-SNAPSHOT 7153c74
2022-06-13 02:16:07,728 INFO o.a.j.JMeter: java.version=17.0.2
2022-06-13 02:16:07,728 INFO o.a.j.JMeter: java.vm.name=Java HotSpot(TM) 64-Bit Server VM
2022-06-13 02:16:07,728 INFO o.a.j.JMeter: os.name=Windows 10
2022-06-13 02:16:07,728 INFO o.a.j.JMeter: os.arch=amd64
2022-06-13 02:16:07,728 INFO o.a.j.JMeter: os.version=10.0
2022-06-13 02:16:07,728 INFO o.a.j.JMeter: file.encoding=Cp1252
2022-06-13 02:16:07,729 INFO o.a.j.JMeter: java.awt.headless=true
2022-06-13 02:16:07,729 INFO o.a.j.JMeter: Max memory     =1073741824
2022-06-13 02:16:07,729 INFO o.a.j.JMeter: Available Processors =12
2022-06-13 02:16:07,734 INFO o.a.j.JMeter: Default Locale=English (EN)
2022-06-13 02:16:07,734 INFO o.a.j.JMeter: JMeter  Locale=English (EN)
2022-06-13 02:16:07,734 INFO o.a.j.JMeter: JMeterHome=C:\Program Files\apache-jmeter-5.5-SNAPSHOT\apache-jmeter-5.5-SNAPSHOT
2022-06-13 02:16:07,734 INFO o.a.j.JMeter: user.dir  =C:\Program Files\apache-jmeter-5.5-SNAPSHOT\apache-jmeter-5.5-SNAPSHOT\bin
2022-06-13 02:16:07,734 INFO o.a.j.JMeter: PWD       =C:\Program Files\apache-jmeter-5.5-SNAPSHOT\apache-jmeter-5.5-SNAPSHOT\bin
2022-06-13 02:16:07,735 INFO o.a.j.JMeter: IP: 192.168.1.44 Name: DESKTOP-CUICKKG FullName: DESKTOP-CUICKKG
2022-06-13 02:16:07,740 INFO o.a.j.JMeter: Setting property 'jmeter.reportgenerator.outputdir' to:'C:\Users\Nehue\Desktop\baufestBackend\HTMLReports'
2022-06-13 02:16:07,741 INFO o.a.j.s.FileServer: Default base='C:\Program Files\apache-jmeter-5.5-SNAPSHOT\apache-jmeter-5.5-SNAPSHOT\bin'
2022-06-13 02:16:07,741 INFO o.a.j.s.FileServer: Set new base='C:\Users\Nehue\Desktop\baufestBackend'
2022-06-13 02:16:07,832 INFO o.a.j.s.SaveService: Testplan (JMX) version: 2.2. Testlog (JTL) version: 2.2
2022-06-13 02:16:07,847 INFO o.a.j.s.SaveService: Using SaveService properties version 5.0
2022-06-13 02:16:07,849 INFO o.a.j.s.SaveService: Using SaveService properties file encoding UTF-8
2022-06-13 02:16:07,851 INFO o.a.j.s.SaveService: Loading file: C:\Users\Nehue\Desktop\baufestBackend\baufestBackend.jmx
2022-06-13 02:16:07,880 INFO o.a.j.p.h.s.HTTPSamplerBase: Parser for text/html is org.apache.jmeter.protocol.http.parser.LagartoBasedHtmlParser
2022-06-13 02:16:07,880 INFO o.a.j.p.h.s.HTTPSamplerBase: Parser for application/xhtml+xml is org.apache.jmeter.protocol.http.parser.LagartoBasedHtmlParser
2022-06-13 02:16:07,880 INFO o.a.j.p.h.s.HTTPSamplerBase: Parser for application/xml is org.apache.jmeter.protocol.http.parser.LagartoBasedHtmlParser
2022-06-13 02:16:07,880 INFO o.a.j.p.h.s.HTTPSamplerBase: Parser for text/xml is org.apache.jmeter.protocol.http.parser.LagartoBasedHtmlParser
2022-06-13 02:16:07,880 INFO o.a.j.p.h.s.HTTPSamplerBase: Parser for text/vnd.wap.wml is org.apache.jmeter.protocol.http.parser.RegexpHTMLParser
2022-06-13 02:16:07,880 INFO o.a.j.p.h.s.HTTPSamplerBase: Parser for text/css is org.apache.jmeter.protocol.http.parser.CssParser
2022-06-13 02:16:07,898 INFO o.a.j.JMeter: Creating summariser <summary>
2022-06-13 02:16:07,900 INFO o.a.j.r.d.ReportGenerator: ReportGenerator will use for Parsing the separator: ','
2022-06-13 02:16:07,901 INFO o.a.j.r.d.ReportGenerator: Will generate report at end of test from  results file: C:\Users\Nehue\Desktop\baufestBackend\test1.csv
2022-06-13 02:16:07,901 INFO o.a.j.r.d.ReportGenerator: Reading report generator properties from: C:\Program Files\apache-jmeter-5.5-SNAPSHOT\apache-jmeter-5.5-SNAPSHOT\bin\reportgenerator.properties
2022-06-13 02:16:07,901 INFO o.a.j.r.d.ReportGenerator: Merging with JMeter properties
2022-06-13 02:16:07,904 INFO o.a.j.r.c.ReportGeneratorConfiguration: Property 'jmeter.reportgenerator.temp_dir' not found, using default value 'temp' instead.
2022-06-13 02:16:07,905 INFO o.a.j.r.c.ReportGeneratorConfiguration: Property 'jmeter.reportgenerator.apdex_per_transaction' not found, using default value 'null' instead.
2022-06-13 02:16:07,905 INFO o.a.j.r.c.ReportGeneratorConfiguration: apdex_per_transaction is empty, not APDEX per transaction customization
2022-06-13 02:16:07,905 INFO o.a.j.r.c.ReportGeneratorConfiguration: Property 'jmeter.reportgenerator.sample_filter' not found, using default value 'null' instead.
2022-06-13 02:16:07,905 INFO o.a.j.r.c.ReportGeneratorConfiguration: Property 'jmeter.reportgenerator.report_title' not found, using default value 'null' instead.
2022-06-13 02:16:07,905 INFO o.a.j.r.c.ReportGeneratorConfiguration: Property 'jmeter.reportgenerator.start_date' not found, using default value 'null' instead.
2022-06-13 02:16:07,905 INFO o.a.j.r.c.ReportGeneratorConfiguration: Property 'jmeter.reportgenerator.end_date' not found, using default value 'null' instead.
2022-06-13 02:16:07,905 INFO o.a.j.r.c.ReportGeneratorConfiguration: Property 'jmeter.reportgenerator.date_format' not found, using default value 'null' instead.
2022-06-13 02:16:07,906 INFO o.a.j.r.c.ReportGeneratorConfiguration: Will use date range start date: null, end date: null
2022-06-13 02:16:07,908 INFO o.a.j.r.c.ReportGeneratorConfiguration: Property 'jmeter.reportgenerator.graph.totalTPS.exclude_controllers' not found, using default value 'false' instead.
2022-06-13 02:16:07,908 INFO o.a.j.r.c.ReportGeneratorConfiguration: Property 'jmeter.reportgenerator.graph.activeThreadsOverTime.exclude_controllers' not found, using default value 'false' instead.
2022-06-13 02:16:07,908 INFO o.a.j.r.c.ReportGeneratorConfiguration: Property 'jmeter.reportgenerator.graph.timeVsThreads.exclude_controllers' not found, using default value 'false' instead.
2022-06-13 02:16:07,908 INFO o.a.j.r.c.ReportGeneratorConfiguration: Property 'jmeter.reportgenerator.graph.responseTimeDistribution.exclude_controllers' not found, using default value 'false' instead.
2022-06-13 02:16:07,908 INFO o.a.j.r.c.ReportGeneratorConfiguration: Property 'jmeter.reportgenerator.graph.transactionsPerSecond.exclude_controllers' not found, using default value 'false' instead.
2022-06-13 02:16:07,908 INFO o.a.j.r.c.ReportGeneratorConfiguration: Property 'jmeter.reportgenerator.graph.responseTimePercentiles.exclude_controllers' not found, using default value 'false' instead.
2022-06-13 02:16:07,908 INFO o.a.j.r.c.ReportGeneratorConfiguration: Property 'jmeter.reportgenerator.graph.responseTimePercentilesOverTime.exclude_controllers' not found, using default value 'false' instead.
2022-06-13 02:16:07,908 INFO o.a.j.r.c.ReportGeneratorConfiguration: Property 'jmeter.reportgenerator.graph.responseTimesOverTime.exclude_controllers' not found, using default value 'false' instead.
2022-06-13 02:16:07,908 INFO o.a.j.r.c.ReportGeneratorConfiguration: Property 'jmeter.reportgenerator.graph.connectTimeOverTime.exclude_controllers' not found, using default value 'false' instead.
2022-06-13 02:16:07,909 INFO o.a.j.r.c.ReportGeneratorConfiguration: Property 'jmeter.reportgenerator.graph.latenciesOverTime.exclude_controllers' not found, using default value 'false' instead.
2022-06-13 02:16:07,909 INFO o.a.j.r.c.ReportGeneratorConfiguration: Property 'jmeter.reportgenerator.exporter.json.filters_only_sample_series' not found, using default value 'true' instead.
2022-06-13 02:16:07,909 INFO o.a.j.r.c.ReportGeneratorConfiguration: Property 'jmeter.reportgenerator.exporter.json.series_filter' not found, using default value '' instead.
2022-06-13 02:16:07,909 INFO o.a.j.r.c.ReportGeneratorConfiguration: Property 'jmeter.reportgenerator.exporter.json.show_controllers_only' not found, using default value 'false' instead.
2022-06-13 02:16:07,909 INFO o.a.j.r.c.ReportGeneratorConfiguration: Property 'jmeter.reportgenerator.exporter.html.filters_only_sample_series' not found, using default value 'true' instead.
2022-06-13 02:16:07,909 INFO o.a.j.r.c.ReportGeneratorConfiguration: Property 'jmeter.reportgenerator.exporter.html.series_filter' not found, using default value '' instead.
2022-06-13 02:16:07,909 INFO o.a.j.r.c.ReportGeneratorConfiguration: Property 'jmeter.reportgenerator.exporter.html.show_controllers_only' not found, using default value 'false' instead.
2022-06-13 02:16:07,916 INFO o.a.j.e.StandardJMeterEngine: Running the test!
2022-06-13 02:16:07,916 INFO o.a.j.s.SampleEvent: List of sample_variables: []
2022-06-13 02:16:07,916 INFO o.a.j.s.SampleEvent: List of sample_variables: []
2022-06-13 02:16:07,919 INFO o.a.j.e.u.CompoundVariable: Note: Function class names must contain the string: '.functions.'
2022-06-13 02:16:07,919 INFO o.a.j.e.u.CompoundVariable: Note: Function class names must not contain the string: '.gui.'
2022-06-13 02:16:07,955 INFO o.a.j.JMeter: Running test (1655097367955)
2022-06-13 02:16:07,962 INFO o.a.j.e.StandardJMeterEngine: Starting ThreadGroup: 1 : beaufestPruebaEndpoints
2022-06-13 02:16:07,962 INFO o.a.j.e.StandardJMeterEngine: Starting 1 threads for group beaufestPruebaEndpoints.
2022-06-13 02:16:07,962 INFO o.a.j.e.StandardJMeterEngine: Thread will continue on error
2022-06-13 02:16:07,962 INFO o.a.j.t.ThreadGroup: Starting thread group... number=1 threads=1 ramp-up=1 delayedStart=false
2022-06-13 02:16:07,965 INFO o.a.j.t.ThreadGroup: Started thread group number 1
2022-06-13 02:16:07,965 INFO o.a.j.e.StandardJMeterEngine: All thread groups have been started
2022-06-13 02:16:07,966 INFO o.a.j.t.JMeterThread: Thread started: beaufestPruebaEndpoints 1-1
2022-06-13 02:16:07,977 INFO o.a.j.p.h.s.HTTPHCAbstractImpl: Local host = DESKTOP-CUICKKG
2022-06-13 02:16:07,980 INFO o.a.j.p.h.s.HTTPHC4Impl: HTTP request retry count = 0
2022-06-13 02:16:07,981 INFO o.a.j.s.SampleResult: Note: Sample TimeStamps are START times
2022-06-13 02:16:07,981 INFO o.a.j.s.SampleResult: sampleresult.default.encoding is set to ISO-8859-1
2022-06-13 02:16:07,981 INFO o.a.j.s.SampleResult: sampleresult.useNanoTime=true
2022-06-13 02:16:07,981 INFO o.a.j.s.SampleResult: sampleresult.nanoThreadSleep=5000
2022-06-13 02:16:08,074 INFO o.a.j.p.h.s.h.LazyLayeredConnectionSocketFactory: Setting up HTTPS TrustAll Socket Factory
2022-06-13 02:16:08,077 INFO o.a.j.u.JsseSSLManager: Using default SSL protocol: TLS
2022-06-13 02:16:08,077 INFO o.a.j.u.JsseSSLManager: SSL session context: per-thread
2022-06-13 02:16:08,283 INFO o.a.j.u.SSLManager: JmeterKeyStore Location:  type JKS
2022-06-13 02:16:08,285 INFO o.a.j.u.SSLManager: KeyStore created OK
2022-06-13 02:16:08,285 WARN o.a.j.u.SSLManager: Keystore file not found, loading empty keystore
2022-06-13 02:16:09,139 INFO o.a.j.t.JMeterThread: Thread is done: beaufestPruebaEndpoints 1-1
2022-06-13 02:16:09,139 INFO o.a.j.t.JMeterThread: Thread finished: beaufestPruebaEndpoints 1-1
2022-06-13 02:16:09,140 INFO o.a.j.e.StandardJMeterEngine: Notifying test listeners of end of test
2022-06-13 02:16:09,141 INFO o.a.j.r.Summariser: summary =      3 in 00:00:01 =    2.5/s Avg:   367 Min:   145 Max:   809 Err:     0 (0.00%)
2022-06-13 02:16:09,141 INFO o.a.j.JMeter: Generating Dashboard
2022-06-13 02:16:09,141 INFO o.a.j.r.d.ReportGenerator: Flushing result collector before report Generation
2022-06-13 02:16:09,147 INFO o.a.j.r.p.NormalizerSampleConsumer: Using format, 'ms', to parse timeStamp field
2022-06-13 02:16:09,176 INFO o.a.j.r.p.AbstractSampleConsumer: class org.apache.jmeter.report.processor.AggregateConsumer#stopProducing(): beginDate produced 0 samples
2022-06-13 02:16:09,176 INFO o.a.j.r.p.AbstractSampleConsumer: class org.apache.jmeter.report.processor.AggregateConsumer#stopProducing(): endDate produced 0 samples
2022-06-13 02:16:09,177 INFO o.a.j.r.p.AbstractSampleConsumer: class org.apache.jmeter.report.processor.ApdexSummaryConsumer#stopProducing(): apdexSummary produced 0 samples
2022-06-13 02:16:09,177 INFO o.a.j.r.p.AbstractSampleConsumer: class org.apache.jmeter.report.processor.RequestsSummaryConsumer#stopProducing(): requestsSummary produced 0 samples
2022-06-13 02:16:09,180 INFO o.a.j.r.p.AbstractSampleConsumer: class org.apache.jmeter.report.processor.StatisticsSummaryConsumer#stopProducing(): statisticsSummary produced 0 samples
2022-06-13 02:16:09,182 INFO o.a.j.r.p.AbstractSampleConsumer: class org.apache.jmeter.report.processor.Top5ErrorsBySamplerConsumer#stopProducing(): top5ErrorsBySampler produced 0 samples
2022-06-13 02:16:09,182 INFO o.a.j.r.p.AbstractSampleConsumer: class org.apache.jmeter.report.processor.ErrorsSummaryConsumer#stopProducing(): errorsSummary produced 0 samples
2022-06-13 02:16:09,182 INFO o.a.j.r.p.AbstractSampleConsumer: class org.apache.jmeter.report.processor.graph.impl.HitsPerSecondGraphConsumer#stopProducing(): hitsPerSecond produced 0 samples
2022-06-13 02:16:09,186 INFO o.a.j.r.p.AbstractSampleConsumer: class org.apache.jmeter.report.processor.graph.impl.LatencyVSRequestGraphConsumer#stopProducing(): latencyVsRequest produced 0 samples
2022-06-13 02:16:09,186 INFO o.a.j.r.p.AbstractSampleConsumer: class org.apache.jmeter.report.processor.graph.impl.SyntheticResponseTimeDistributionGraphConsumer#stopProducing(): syntheticResponseTimeDistribution produced 0 samples
2022-06-13 02:16:09,186 INFO o.a.j.r.p.AbstractSampleConsumer: class org.apache.jmeter.report.processor.graph.impl.BytesThroughputGraphConsumer#stopProducing(): bytesThroughputOverTime produced 0 samples
2022-06-13 02:16:09,186 INFO o.a.j.r.p.AbstractSampleConsumer: class org.apache.jmeter.report.processor.graph.impl.CodesPerSecondGraphConsumer#stopProducing(): codesPerSecond produced 0 samples
2022-06-13 02:16:09,188 INFO o.a.j.r.p.AbstractSampleConsumer: class org.apache.jmeter.report.processor.graph.impl.ResponseTimeVSRequestGraphConsumer#stopProducing(): responseTimeVsRequest produced 0 samples
2022-06-13 02:16:09,188 INFO o.a.j.r.p.AbstractSampleConsumer: class org.apache.jmeter.report.processor.FilterConsumer#stopProducing(): startIntervalControlerFilter produced 21 samples
2022-06-13 02:16:09,188 INFO o.a.j.r.p.AbstractSampleConsumer: class org.apache.jmeter.report.processor.graph.impl.TotalTPSGraphConsumer#stopProducing(): totalTPS produced 0 samples
2022-06-13 02:16:09,188 INFO o.a.j.r.p.AbstractSampleConsumer: class org.apache.jmeter.report.processor.graph.impl.ActiveThreadsGraphConsumer#stopProducing(): activeThreadsOverTime produced 0 samples
2022-06-13 02:16:09,188 INFO o.a.j.r.p.AbstractSampleConsumer: class org.apache.jmeter.report.processor.graph.impl.TimeVSThreadGraphConsumer#stopProducing(): timeVsThreads produced 0 samples
2022-06-13 02:16:09,188 INFO o.a.j.r.p.AbstractSampleConsumer: class org.apache.jmeter.report.processor.graph.impl.ResponseTimeDistributionGraphConsumer#stopProducing(): responseTimeDistribution produced 0 samples
2022-06-13 02:16:09,189 INFO o.a.j.r.p.AbstractSampleConsumer: class org.apache.jmeter.report.processor.graph.impl.TransactionsPerSecondGraphConsumer#stopProducing(): transactionsPerSecond produced 0 samples
2022-06-13 02:16:09,189 INFO o.a.j.r.p.AbstractSampleConsumer: class org.apache.jmeter.report.processor.graph.impl.ResponseTimePercentilesGraphConsumer#stopProducing(): responseTimePercentiles produced 0 samples
2022-06-13 02:16:09,189 INFO o.a.j.r.p.AbstractSampleConsumer: class org.apache.jmeter.report.processor.graph.impl.ResponseTimePercentilesOverTimeGraphConsumer#stopProducing(): responseTimePercentilesOverTime produced 0 samples
2022-06-13 02:16:09,189 INFO o.a.j.r.p.AbstractSampleConsumer: class org.apache.jmeter.report.processor.graph.impl.ResponseTimeOverTimeGraphConsumer#stopProducing(): responseTimesOverTime produced 0 samples
2022-06-13 02:16:09,190 INFO o.a.j.r.p.AbstractSampleConsumer: class org.apache.jmeter.report.processor.graph.impl.ConnectTimeOverTimeGraphConsumer#stopProducing(): connectTimeOverTime produced 0 samples
2022-06-13 02:16:09,190 INFO o.a.j.r.p.AbstractSampleConsumer: class org.apache.jmeter.report.processor.graph.impl.LatencyOverTimeGraphConsumer#stopProducing(): latenciesOverTime produced 0 samples
2022-06-13 02:16:09,190 INFO o.a.j.r.p.AbstractSampleConsumer: class org.apache.jmeter.report.processor.FilterConsumer#stopProducing(): nameFilter produced 45 samples
2022-06-13 02:16:09,190 INFO o.a.j.r.p.AbstractSampleConsumer: class org.apache.jmeter.report.processor.FilterConsumer#stopProducing(): dateRangeFilter produced 9 samples
2022-06-13 02:16:09,190 INFO o.a.j.r.p.AbstractSampleConsumer: class org.apache.jmeter.report.processor.NormalizerSampleConsumer#stopProducing(): normalizer produced 3 samples
2022-06-13 02:16:09,190 INFO o.a.j.r.p.CsvFileSampleSource: produce(): 3 samples produced in 31ms on channel 0
2022-06-13 02:16:09,190 INFO o.a.j.r.d.ReportGenerator: Exporting data using exporter:'json' of className:'org.apache.jmeter.report.dashboard.JsonExporter'
2022-06-13 02:16:09,257 INFO o.a.j.r.d.JsonExporter: Found data for consumer statisticsSummary in context
2022-06-13 02:16:09,257 INFO o.a.j.r.d.JsonExporter: Creating statistics for overall
2022-06-13 02:16:09,257 INFO o.a.j.r.d.JsonExporter: Creating statistics for other transactions
2022-06-13 02:16:09,258 INFO o.a.j.r.d.JsonExporter: Checking output folder
2022-06-13 02:16:09,258 INFO o.a.j.r.d.JsonExporter: Writing statistics JSON to C:\Users\Nehue\Desktop\baufestBackend\HTMLReports\statistics.json
2022-06-13 02:16:09,281 INFO o.a.j.r.d.ReportGenerator: Exporting data using exporter:'html' of className:'org.apache.jmeter.report.dashboard.HtmlTemplateExporter'
2022-06-13 02:16:09,283 INFO o.a.j.r.d.HtmlTemplateExporter: Will generate dashboard in folder: C:\Users\Nehue\Desktop\baufestBackend\HTMLReports
2022-06-13 02:16:09,345 INFO o.a.j.r.d.HtmlTemplateExporter: Report will be generated in: C:\Users\Nehue\Desktop\baufestBackend\HTMLReports, creating folder structure
2022-06-13 02:16:09,347 INFO o.a.j.r.d.TemplateVisitor: Copying folder from 'C:\Program Files\apache-jmeter-5.5-SNAPSHOT\apache-jmeter-5.5-SNAPSHOT\bin\report-template' to 'C:\Users\Nehue\Desktop\baufestBackend\HTMLReports', got message: C:\Users\Nehue\Desktop\baufestBackend\HTMLReports, found non empty folder with following content [C:\Users\Nehue\Desktop\baufestBackend\HTMLReports\statistics.json], will be ignored
2022-06-13 02:16:09,530 INFO o.a.j.JMeter: Dashboard generated
